Summary of SPARK analysis
=========================

------------------------------------------------------------------------------------------
SPARK Analysis results        Total      Flow   CodePeer   Provers   Justified    Unproved
------------------------------------------------------------------------------------------
Data Dependencies                 .         .          .         .           .           .
Flow Dependencies                 .         .          .         .           .           .
Initialization                    1         .          .         .           .           1
Non-Aliasing                      .         .          .         .           .           .
Run-time Checks                   2         .          .         .           .           2
Assertions                        .         .          .         .           .           .
Functional Contracts              .         .          .         .           .           .
LSP Verification                  .         .          .         .           .           .
Termination                       .         .          .         .           .           .
Concurrency                       .         .          .         .           .           .
------------------------------------------------------------------------------------------
Total                             3         .          .         .           .    3 (100%)


max steps used for successful proof: 0

Analyzed 2 units
in unit levels, 2 subprograms and packages out of 2 analyzed
  Levels at levels.ads:1 flow analyzed (0 errors, 0 checks and 0 warnings) and proved (0 checks)
  Levels.P1 at levels.ads:6 flow analyzed (0 errors, 1 checks and 0 warnings) and not proved, 0 checks out of 2 proved
in unit main, 0 subprograms and packages out of 1 analyzed
  Main at main.adb:4 skipped
